server(started, 1462598589).
/*Sat May  7 01:23:09 2016*/ request(1, 1462598589.118, [peer(ip(127,0,0,1)),method(get),request_uri(/),path(/),http_version(1-1),host(localhost),port(8000),connection('keep-alive'),upgrade_insecure_requests('1'),user_agent('Mozilla/5.0 (Macintosh; Intel Mac OS X 10_11_4) AppleWebKit/537.36 (KHTML, like Gecko) Chrome/49.0.2623.112 Safari/537.36')]).
This works just like format Yeehaa
completed(1, 0.021663, 4877, 200, ok).
/*Sat May  7 01:23:09 2016*/ request(2, 1462598589.552, [peer(ip(127,0,0,1)),method(get),request_uri('/f/styles/style.css'),path('/f/styles/style.css'),http_version(1-1),host(localhost),port(8000),connection('keep-alive'),user_agent('Mozilla/5.0 (Macintosh; Intel Mac OS X 10_11_4) AppleWebKit/537.36 (KHTML, like Gecko) Chrome/49.0.2623.112 Safari/537.36'),referer('http://localhost:8000/')]).
/*Sat May  7 01:23:09 2016*/ request(3, 1462598589.553, [peer(ip(127,0,0,1)),method(get),request_uri('/f/js/basic.js'),path('/f/js/basic.js'),http_version(1-1),host(localhost),port(8000),connection('keep-alive'),user_agent('Mozilla/5.0 (Macintosh; Intel Mac OS X 10_11_4) AppleWebKit/537.36 (KHTML, like Gecko) Chrome/49.0.2623.112 Safari/537.36'),referer('http://localhost:8000/')]).
completed(2, 0.001221, 2459, 200, file(/(text,css),'/Users/sf/Dropbox/Programming/shonfeder_net/assets/styles/style.css')).
completed(3, 0.0008820000000000008, 496, 200, file(/(text,javascript),'/Users/sf/Dropbox/Programming/shonfeder_net/assets/js/basic.js')).
/*Sat May  7 01:23:09 2016*/ request(4, 1462598589.562, [peer(ip(127,0,0,1)),method(get),request_uri('/f/media/indescriptum-logo.png'),path('/f/media/indescriptum-logo.png'),http_version(1-1),host(localhost),port(8000),connection('keep-alive'),user_agent('Mozilla/5.0 (Macintosh; Intel Mac OS X 10_11_4) AppleWebKit/537.36 (KHTML, like Gecko) Chrome/49.0.2623.112 Safari/537.36'),referer('http://localhost:8000/')]).
completed(4, 0.001717, 18136, 200, file(/(image,png),'/Users/sf/Dropbox/Programming/shonfeder_net/assets/media/indescriptum-logo.png')).
/*Sat May  7 01:23:09 2016*/ request(5, 1462598589.571, [peer(ip(127,0,0,1)),method(get),request_uri('/f/media/twitter-logo.png'),path('/f/media/twitter-logo.png'),http_version(1-1),host(localhost),port(8000),connection('keep-alive'),user_agent('Mozilla/5.0 (Macintosh; Intel Mac OS X 10_11_4) AppleWebKit/537.36 (KHTML, like Gecko) Chrome/49.0.2623.112 Safari/537.36'),referer('http://localhost:8000/')]).
completed(5, 0.001114, 6994, 200, file(/(image,png),'/Users/sf/Dropbox/Programming/shonfeder_net/assets/media/twitter-logo.png')).
/*Sat May  7 01:23:09 2016*/ request(6, 1462598589.578, [peer(ip(127,0,0,1)),method(get),request_uri('/f/media/gitHub-logo.png'),path('/f/media/gitHub-logo.png'),http_version(1-1),host(localhost),port(8000),connection('keep-alive'),user_agent('Mozilla/5.0 (Macintosh; Intel Mac OS X 10_11_4) AppleWebKit/537.36 (KHTML, like Gecko) Chrome/49.0.2623.112 Safari/537.36'),referer('http://localhost:8000/')]).
completed(6, 0.0016299999999999995, 23086, 200, file(/(image,png),'/Users/sf/Dropbox/Programming/shonfeder_net/assets/media/gitHub-logo.png')).
/*Sat May  7 01:23:09 2016*/ request(7, 1462598589.590, [peer(ip(127,0,0,1)),method(get),request_uri('/f/media/stackoverflow-logo.png'),path('/f/media/stackoverflow-logo.png'),http_version(1-1),host(localhost),port(8000),connection('keep-alive'),user_agent('Mozilla/5.0 (Macintosh; Intel Mac OS X 10_11_4) AppleWebKit/537.36 (KHTML, like Gecko) Chrome/49.0.2623.112 Safari/537.36'),referer('http://localhost:8000/')]).
completed(7, 0.0011069999999999995, 8802, 200, file(/(image,png),'/Users/sf/Dropbox/Programming/shonfeder_net/assets/media/stackoverflow-logo.png')).
/*Sat May  7 01:23:09 2016*/ request(8, 1462598589.595, [peer(ip(127,0,0,1)),method(get),request_uri('/f/media/reddit-logo.png'),path('/f/media/reddit-logo.png'),http_version(1-1),host(localhost),port(8000),connection('keep-alive'),user_agent('Mozilla/5.0 (Macintosh; Intel Mac OS X 10_11_4) AppleWebKit/537.36 (KHTML, like Gecko) Chrome/49.0.2623.112 Safari/537.36'),referer('http://localhost:8000/')]).
completed(8, 0.0011129999999999994, 10140, 200, file(/(image,png),'/Users/sf/Dropbox/Programming/shonfeder_net/assets/media/reddit-logo.png')).
/*Sat May  7 01:23:09 2016*/ request(9, 1462598589.601, [peer(ip(127,0,0,1)),method(get),request_uri('/f/media/linkedin-logo.png'),path('/f/media/linkedin-logo.png'),http_version(1-1),host(localhost),port(8000),connection('keep-alive'),user_agent('Mozilla/5.0 (Macintosh; Intel Mac OS X 10_11_4) AppleWebKit/537.36 (KHTML, like Gecko) Chrome/49.0.2623.112 Safari/537.36'),referer('http://localhost:8000/')]).
completed(9, 0.0014140000000000003, 17741, 200, file(/(image,png),'/Users/sf/Dropbox/Programming/shonfeder_net/assets/media/linkedin-logo.png')).
/*Sat May  7 01:23:09 2016*/ request(10, 1462598589.606, [peer(ip(127,0,0,1)),method(get),request_uri('/f/media/email-logo.png'),path('/f/media/email-logo.png'),http_version(1-1),host(localhost),port(8000),connection('keep-alive'),user_agent('Mozilla/5.0 (Macintosh; Intel Mac OS X 10_11_4) AppleWebKit/537.36 (KHTML, like Gecko) Chrome/49.0.2623.112 Safari/537.36'),referer('http://localhost:8000/')]).
completed(10, 0.002184, 41041, 200, file(/(image,png),'/Users/sf/Dropbox/Programming/shonfeder_net/assets/media/email-logo.png')).
/*Sat May  7 01:23:10 2016*/ request(11, 1462598590.583, [peer(ip(127,0,0,1)),method(get),request_uri('/favicon.ico'),path('/favicon.ico'),http_version(1-1),host(localhost),port(8000),connection('keep-alive'),user_agent('Mozilla/5.0 (Macintosh; Intel Mac OS X 10_11_4) AppleWebKit/537.36 (KHTML, like Gecko) Chrome/49.0.2623.112 Safari/537.36'),referer('http://localhost:8000/')]).
completed(11, 0.001117, 352, 404, not_found('/favicon.ico')).
server(stopped, 1462629520).
server(started, 1463272010).
/*Sat May 14 20:26:49 2016*/ request(1, 1463272009.918, [peer(ip(127,0,0,1)),method(get),request_uri(/),path(/),http_version(1-1),host(localhost),port(8000),connection('keep-alive'),upgrade_insecure_requests('1'),user_agent('Mozilla/5.0 (Macintosh; Intel Mac OS X 10_11_4) AppleWebKit/537.36 (KHTML, like Gecko) Chrome/50.0.2661.94 Safari/537.36')]).
This works just like format Yeehaa
completed(1, 0.015543, 4764, 200, ok).
/*Sat May 14 20:26:50 2016*/ request(2, 1463272010.102, [peer(ip(127,0,0,1)),method(get),request_uri('/f/styles/style.css'),path('/f/styles/style.css'),http_version(1-1),host(localhost),port(8000),connection('keep-alive'),user_agent('Mozilla/5.0 (Macintosh; Intel Mac OS X 10_11_4) AppleWebKit/537.36 (KHTML, like Gecko) Chrome/50.0.2661.94 Safari/537.36'),referer('http://localhost:8000/')]).
completed(2, 0.001137, 2459, 200, file(/(text,css),'/Users/sf/Dropbox/Programming/shonfeder_net/assets/styles/style.css')).
/*Sat May 14 20:26:50 2016*/ request(3, 1463272010.104, [peer(ip(127,0,0,1)),method(get),request_uri('/f/js/basic.js'),path('/f/js/basic.js'),http_version(1-1),host(localhost),port(8000),connection('keep-alive'),user_agent('Mozilla/5.0 (Macintosh; Intel Mac OS X 10_11_4) AppleWebKit/537.36 (KHTML, like Gecko) Chrome/50.0.2661.94 Safari/537.36'),referer('http://localhost:8000/')]).
completed(3, 0.000840999999999998, 496, 200, file(/(text,javascript),'/Users/sf/Dropbox/Programming/shonfeder_net/assets/js/basic.js')).
/*Sat May 14 20:26:50 2016*/ request(4, 1463272010.110, [peer(ip(127,0,0,1)),method(get),request_uri('/f/media/indescriptum-logo.png'),path('/f/media/indescriptum-logo.png'),http_version(1-1),host(localhost),port(8000),connection('keep-alive'),user_agent('Mozilla/5.0 (Macintosh; Intel Mac OS X 10_11_4) AppleWebKit/537.36 (KHTML, like Gecko) Chrome/50.0.2661.94 Safari/537.36'),referer('http://localhost:8000/')]).
completed(4, 0.0013899999999999989, 18136, 200, file(/(image,png),'/Users/sf/Dropbox/Programming/shonfeder_net/assets/media/indescriptum-logo.png')).
/*Sat May 14 20:26:50 2016*/ request(5, 1463272010.414, [peer(ip(127,0,0,1)),method(get),request_uri('/f/media/twitter-logo.png'),path('/f/media/twitter-logo.png'),http_version(1-1),host(localhost),port(8000),connection('keep-alive'),user_agent('Mozilla/5.0 (Macintosh; Intel Mac OS X 10_11_4) AppleWebKit/537.36 (KHTML, like Gecko) Chrome/50.0.2661.94 Safari/537.36'),referer('http://localhost:8000/')]).
completed(5, 0.0011579999999999993, 6994, 200, file(/(image,png),'/Users/sf/Dropbox/Programming/shonfeder_net/assets/media/twitter-logo.png')).
/*Sat May 14 20:26:50 2016*/ request(6, 1463272010.419, [peer(ip(127,0,0,1)),method(get),request_uri('/f/media/gitHub-logo.png'),path('/f/media/gitHub-logo.png'),http_version(1-1),host(localhost),port(8000),connection('keep-alive'),user_agent('Mozilla/5.0 (Macintosh; Intel Mac OS X 10_11_4) AppleWebKit/537.36 (KHTML, like Gecko) Chrome/50.0.2661.94 Safari/537.36'),referer('http://localhost:8000/')]).
completed(6, 0.001415, 23086, 200, file(/(image,png),'/Users/sf/Dropbox/Programming/shonfeder_net/assets/media/gitHub-logo.png')).
/*Sat May 14 20:26:50 2016*/ request(7, 1463272010.423, [peer(ip(127,0,0,1)),method(get),request_uri('/f/media/stackoverflow-logo.png'),path('/f/media/stackoverflow-logo.png'),http_version(1-1),host(localhost),port(8000),connection('keep-alive'),user_agent('Mozilla/5.0 (Macintosh; Intel Mac OS X 10_11_4) AppleWebKit/537.36 (KHTML, like Gecko) Chrome/50.0.2661.94 Safari/537.36'),referer('http://localhost:8000/')]).
completed(7, 0.0007639999999999999, 8802, 200, file(/(image,png),'/Users/sf/Dropbox/Programming/shonfeder_net/assets/media/stackoverflow-logo.png')).
/*Sat May 14 20:26:50 2016*/ request(8, 1463272010.428, [peer(ip(127,0,0,1)),method(get),request_uri('/f/media/reddit-logo.png'),path('/f/media/reddit-logo.png'),http_version(1-1),host(localhost),port(8000),connection('keep-alive'),user_agent('Mozilla/5.0 (Macintosh; Intel Mac OS X 10_11_4) AppleWebKit/537.36 (KHTML, like Gecko) Chrome/50.0.2661.94 Safari/537.36'),referer('http://localhost:8000/')]).
completed(8, 0.001165, 10140, 200, file(/(image,png),'/Users/sf/Dropbox/Programming/shonfeder_net/assets/media/reddit-logo.png')).
/*Sat May 14 20:26:50 2016*/ request(9, 1463272010.433, [peer(ip(127,0,0,1)),method(get),request_uri('/f/media/linkedin-logo.png'),path('/f/media/linkedin-logo.png'),http_version(1-1),host(localhost),port(8000),connection('keep-alive'),user_agent('Mozilla/5.0 (Macintosh; Intel Mac OS X 10_11_4) AppleWebKit/537.36 (KHTML, like Gecko) Chrome/50.0.2661.94 Safari/537.36'),referer('http://localhost:8000/')]).
completed(9, 0.0010160000000000002, 17741, 200, file(/(image,png),'/Users/sf/Dropbox/Programming/shonfeder_net/assets/media/linkedin-logo.png')).
/*Sat May 14 20:26:50 2016*/ request(10, 1463272010.437, [peer(ip(127,0,0,1)),method(get),request_uri('/f/media/email-logo.png'),path('/f/media/email-logo.png'),http_version(1-1),host(localhost),port(8000),connection('keep-alive'),user_agent('Mozilla/5.0 (Macintosh; Intel Mac OS X 10_11_4) AppleWebKit/537.36 (KHTML, like Gecko) Chrome/50.0.2661.94 Safari/537.36'),referer('http://localhost:8000/')]).
completed(10, 0.0016190000000000002, 41041, 200, file(/(image,png),'/Users/sf/Dropbox/Programming/shonfeder_net/assets/media/email-logo.png')).
/*Sat May 14 20:26:50 2016*/ request(11, 1463272010.797, [peer(ip(127,0,0,1)),method(get),request_uri('/favicon.ico'),path('/favicon.ico'),http_version(1-1),host(localhost),port(8000),connection('keep-alive'),user_agent('Mozilla/5.0 (Macintosh; Intel Mac OS X 10_11_4) AppleWebKit/537.36 (KHTML, like Gecko) Chrome/50.0.2661.94 Safari/537.36'),referer('http://localhost:8000/')]).
completed(11, 0.0011159999999999998, 352, 404, not_found('/favicon.ico')).
/*Sat May 14 20:34:40 2016*/ request(12, 1463272480.598, [peer(ip(127,0,0,1)),method(get),request_uri(/),path(/),http_version(1-1),host(localhost),port(8000),connection('keep-alive'),cache_control('max-age=0'),upgrade_insecure_requests('1'),user_agent('Mozilla/5.0 (Macintosh; Intel Mac OS X 10_11_4) AppleWebKit/537.36 (KHTML, like Gecko) Chrome/50.0.2661.94 Safari/537.36')]).
This works just like format Yeehaa
completed(12, 0.010601, 4769, 200, ok).
/*Sat May 14 20:34:40 2016*/ request(13, 1463272480.742, [peer(ip(127,0,0,1)),method(get),request_uri('/f/styles/style.css'),path('/f/styles/style.css'),http_version(1-1),host(localhost),port(8000),connection('keep-alive'),cache_control('max-age=0'),if_modified_since('Tue, 02 Feb 2016 01:34:56 GMT'),user_agent('Mozilla/5.0 (Macintosh; Intel Mac OS X 10_11_4) AppleWebKit/537.36 (KHTML, like Gecko) Chrome/50.0.2661.94 Safari/537.36'),referer('http://localhost:8000/')]).
completed(13, 0.0010750000000000013, 2486, 200, file(/(text,css),'/Users/sf/Dropbox/Programming/shonfeder_net/assets/styles/style.css')).
/*Sat May 14 20:34:40 2016*/ request(14, 1463272480.744, [peer(ip(127,0,0,1)),method(get),request_uri('/f/js/basic.js'),path('/f/js/basic.js'),http_version(1-1),host(localhost),port(8000),connection('keep-alive'),cache_control('max-age=0'),if_modified_since('Mon, 01 Feb 2016 06:23:35 GMT'),user_agent('Mozilla/5.0 (Macintosh; Intel Mac OS X 10_11_4) AppleWebKit/537.36 (KHTML, like Gecko) Chrome/50.0.2661.94 Safari/537.36'),referer('http://localhost:8000/')]).
completed(14, 0.0007089999999999996, 0, 304, not_modified).
/*Sat May 14 20:34:40 2016*/ request(15, 1463272480.748, [peer(ip(127,0,0,1)),method(get),request_uri('/f/media/indescriptum-logo.png'),path('/f/media/indescriptum-logo.png'),http_version(1-1),host(localhost),port(8000),connection('keep-alive'),cache_control('max-age=0'),if_modified_since('Tue, 15 Dec 2015 06:30:33 GMT'),user_agent('Mozilla/5.0 (Macintosh; Intel Mac OS X 10_11_4) AppleWebKit/537.36 (KHTML, like Gecko) Chrome/50.0.2661.94 Safari/537.36'),referer('http://localhost:8000/')]).
completed(15, 0.0005070000000000005, 0, 304, not_modified).
/*Sat May 14 20:34:40 2016*/ request(16, 1463272480.755, [peer(ip(127,0,0,1)),method(get),request_uri('/f/media/twitter-logo.png'),path('/f/media/twitter-logo.png'),http_version(1-1),host(localhost),port(8000),connection('keep-alive'),cache_control('max-age=0'),if_modified_since('Sun, 31 Jan 2016 22:37:11 GMT'),user_agent('Mozilla/5.0 (Macintosh; Intel Mac OS X 10_11_4) AppleWebKit/537.36 (KHTML, like Gecko) Chrome/50.0.2661.94 Safari/537.36'),referer('http://localhost:8000/')]).
completed(16, 0.0008570000000000001, 0, 304, not_modified).
/*Sat May 14 20:34:40 2016*/ request(17, 1463272480.900, [peer(ip(127,0,0,1)),method(get),request_uri('/f/media/gitHub-logo.png'),path('/f/media/gitHub-logo.png'),http_version(1-1),host(localhost),port(8000),connection('keep-alive'),cache_control('max-age=0'),if_modified_since('Sun, 31 Jan 2016 22:15:37 GMT'),user_agent('Mozilla/5.0 (Macintosh; Intel Mac OS X 10_11_4) AppleWebKit/537.36 (KHTML, like Gecko) Chrome/50.0.2661.94 Safari/537.36'),referer('http://localhost:8000/')]).
completed(17, 0.0005210000000000006, 0, 304, not_modified).
/*Sat May 14 20:34:40 2016*/ request(18, 1463272480.904, [peer(ip(127,0,0,1)),method(get),request_uri('/f/media/stackoverflow-logo.png'),path('/f/media/stackoverflow-logo.png'),http_version(1-1),host(localhost),port(8000),connection('keep-alive'),cache_control('max-age=0'),if_modified_since('Sun, 31 Jan 2016 23:59:00 GMT'),user_agent('Mozilla/5.0 (Macintosh; Intel Mac OS X 10_11_4) AppleWebKit/537.36 (KHTML, like Gecko) Chrome/50.0.2661.94 Safari/537.36'),referer('http://localhost:8000/')]).
completed(18, 0.0005240000000000019, 0, 304, not_modified).
/*Sat May 14 20:34:40 2016*/ request(19, 1463272480.908, [peer(ip(127,0,0,1)),method(get),request_uri('/f/media/reddit-logo.png'),path('/f/media/reddit-logo.png'),http_version(1-1),host(localhost),port(8000),connection('keep-alive'),cache_control('max-age=0'),if_modified_since('Mon, 01 Feb 2016 00:21:43 GMT'),user_agent('Mozilla/5.0 (Macintosh; Intel Mac OS X 10_11_4) AppleWebKit/537.36 (KHTML, like Gecko) Chrome/50.0.2661.94 Safari/537.36'),referer('http://localhost:8000/')]).
completed(19, 0.0007780000000000009, 0, 304, not_modified).
/*Sat May 14 20:34:40 2016*/ request(20, 1463272480.911, [peer(ip(127,0,0,1)),method(get),request_uri('/f/media/linkedin-logo.png'),path('/f/media/linkedin-logo.png'),http_version(1-1),host(localhost),port(8000),connection('keep-alive'),cache_control('max-age=0'),if_modified_since('Mon, 01 Feb 2016 01:19:16 GMT'),user_agent('Mozilla/5.0 (Macintosh; Intel Mac OS X 10_11_4) AppleWebKit/537.36 (KHTML, like Gecko) Chrome/50.0.2661.94 Safari/537.36'),referer('http://localhost:8000/')]).
completed(20, 0.00046700000000000214, 0, 304, not_modified).
/*Sat May 14 20:34:40 2016*/ request(21, 1463272480.915, [peer(ip(127,0,0,1)),method(get),request_uri('/f/media/email-logo.png'),path('/f/media/email-logo.png'),http_version(1-1),host(localhost),port(8000),connection('keep-alive'),cache_control('max-age=0'),if_modified_since('Tue, 02 Feb 2016 01:30:35 GMT'),user_agent('Mozilla/5.0 (Macintosh; Intel Mac OS X 10_11_4) AppleWebKit/537.36 (KHTML, like Gecko) Chrome/50.0.2661.94 Safari/537.36'),referer('http://localhost:8000/')]).
completed(21, 0.00046900000000000067, 0, 304, not_modified).
/*Sat May 14 20:38:21 2016*/ request(22, 1463272701.280, [peer(ip(127,0,0,1)),method(get),request_uri(/),path(/),http_version(1-1),host(localhost),port(8000),connection('keep-alive'),cache_control('max-age=0'),upgrade_insecure_requests('1'),user_agent('Mozilla/5.0 (Macintosh; Intel Mac OS X 10_11_4) AppleWebKit/537.36 (KHTML, like Gecko) Chrome/50.0.2661.94 Safari/537.36')]).
This works just like format Yeehaa
completed(22, 0.010867000000000002, 4768, 200, ok).
/*Sat May 14 20:38:21 2016*/ request(23, 1463272701.415, [peer(ip(127,0,0,1)),method(get),request_uri('/f/styles/style.css'),path('/f/styles/style.css'),http_version(1-1),host(localhost),port(8000),connection('keep-alive'),cache_control('max-age=0'),if_modified_since('Sun, 15 May 2016 00:34:37 GMT'),user_agent('Mozilla/5.0 (Macintosh; Intel Mac OS X 10_11_4) AppleWebKit/537.36 (KHTML, like Gecko) Chrome/50.0.2661.94 Safari/537.36'),referer('http://localhost:8000/')]).
/*Sat May 14 20:38:21 2016*/ request(24, 1463272701.416, [peer(ip(127,0,0,1)),method(get),request_uri('/f/js/basic.js'),path('/f/js/basic.js'),http_version(1-1),host(localhost),port(8000),connection('keep-alive'),cache_control('max-age=0'),if_modified_since('Mon, 01 Feb 2016 06:23:35 GMT'),user_agent('Mozilla/5.0 (Macintosh; Intel Mac OS X 10_11_4) AppleWebKit/537.36 (KHTML, like Gecko) Chrome/50.0.2661.94 Safari/537.36'),referer('http://localhost:8000/')]).
completed(23, 0.0009690000000000011, 2487, 200, file(/(text,css),'/Users/sf/Dropbox/Programming/shonfeder_net/assets/styles/style.css')).
completed(24, 0.0006970000000000032, 0, 304, not_modified).
/*Sat May 14 20:38:21 2016*/ request(25, 1463272701.420, [peer(ip(127,0,0,1)),method(get),request_uri('/f/media/indescriptum-logo.png'),path('/f/media/indescriptum-logo.png'),http_version(1-1),host(localhost),port(8000),connection('keep-alive'),cache_control('max-age=0'),if_modified_since('Tue, 15 Dec 2015 06:30:33 GMT'),user_agent('Mozilla/5.0 (Macintosh; Intel Mac OS X 10_11_4) AppleWebKit/537.36 (KHTML, like Gecko) Chrome/50.0.2661.94 Safari/537.36'),referer('http://localhost:8000/')]).
completed(25, 0.0008160000000000008, 0, 304, not_modified).
/*Sat May 14 20:38:21 2016*/ request(26, 1463272701.426, [peer(ip(127,0,0,1)),method(get),request_uri('/f/media/twitter-logo.png'),path('/f/media/twitter-logo.png'),http_version(1-1),host(localhost),port(8000),connection('keep-alive'),cache_control('max-age=0'),if_modified_since('Sun, 31 Jan 2016 22:37:11 GMT'),user_agent('Mozilla/5.0 (Macintosh; Intel Mac OS X 10_11_4) AppleWebKit/537.36 (KHTML, like Gecko) Chrome/50.0.2661.94 Safari/537.36'),referer('http://localhost:8000/')]).
completed(26, 0.0007399999999999976, 0, 304, not_modified).
/*Sat May 14 20:38:21 2016*/ request(27, 1463272701.574, [peer(ip(127,0,0,1)),method(get),request_uri('/f/media/gitHub-logo.png'),path('/f/media/gitHub-logo.png'),http_version(1-1),host(localhost),port(8000),connection('keep-alive'),cache_control('max-age=0'),if_modified_since('Sun, 31 Jan 2016 22:15:37 GMT'),user_agent('Mozilla/5.0 (Macintosh; Intel Mac OS X 10_11_4) AppleWebKit/537.36 (KHTML, like Gecko) Chrome/50.0.2661.94 Safari/537.36'),referer('http://localhost:8000/')]).
completed(27, 0.0005280000000000007, 0, 304, not_modified).
/*Sat May 14 20:38:21 2016*/ request(28, 1463272701.579, [peer(ip(127,0,0,1)),method(get),request_uri('/f/media/stackoverflow-logo.png'),path('/f/media/stackoverflow-logo.png'),http_version(1-1),host(localhost),port(8000),connection('keep-alive'),cache_control('max-age=0'),if_modified_since('Sun, 31 Jan 2016 23:59:00 GMT'),user_agent('Mozilla/5.0 (Macintosh; Intel Mac OS X 10_11_4) AppleWebKit/537.36 (KHTML, like Gecko) Chrome/50.0.2661.94 Safari/537.36'),referer('http://localhost:8000/')]).
completed(28, 0.0008299999999999974, 0, 304, not_modified).
/*Sat May 14 20:38:21 2016*/ request(29, 1463272701.583, [peer(ip(127,0,0,1)),method(get),request_uri('/f/media/reddit-logo.png'),path('/f/media/reddit-logo.png'),http_version(1-1),host(localhost),port(8000),connection('keep-alive'),cache_control('max-age=0'),if_modified_since('Mon, 01 Feb 2016 00:21:43 GMT'),user_agent('Mozilla/5.0 (Macintosh; Intel Mac OS X 10_11_4) AppleWebKit/537.36 (KHTML, like Gecko) Chrome/50.0.2661.94 Safari/537.36'),referer('http://localhost:8000/')]).
completed(29, 0.0004890000000000033, 0, 304, not_modified).
/*Sat May 14 20:38:21 2016*/ request(30, 1463272701.587, [peer(ip(127,0,0,1)),method(get),request_uri('/f/media/linkedin-logo.png'),path('/f/media/linkedin-logo.png'),http_version(1-1),host(localhost),port(8000),connection('keep-alive'),cache_control('max-age=0'),if_modified_since('Mon, 01 Feb 2016 01:19:16 GMT'),user_agent('Mozilla/5.0 (Macintosh; Intel Mac OS X 10_11_4) AppleWebKit/537.36 (KHTML, like Gecko) Chrome/50.0.2661.94 Safari/537.36'),referer('http://localhost:8000/')]).
completed(30, 0.0005199999999999996, 0, 304, not_modified).
/*Sat May 14 20:38:21 2016*/ request(31, 1463272701.591, [peer(ip(127,0,0,1)),method(get),request_uri('/f/media/email-logo.png'),path('/f/media/email-logo.png'),http_version(1-1),host(localhost),port(8000),connection('keep-alive'),cache_control('max-age=0'),if_modified_since('Tue, 02 Feb 2016 01:30:35 GMT'),user_agent('Mozilla/5.0 (Macintosh; Intel Mac OS X 10_11_4) AppleWebKit/537.36 (KHTML, like Gecko) Chrome/50.0.2661.94 Safari/537.36'),referer('http://localhost:8000/')]).
completed(31, 0.0005010000000000014, 0, 304, not_modified).
/*Sat May 14 20:38:33 2016*/ request(32, 1463272713.177, [peer(ip(127,0,0,1)),method(get),request_uri(/),path(/),http_version(1-1),host(localhost),port(8000),connection('keep-alive'),cache_control('max-age=0'),upgrade_insecure_requests('1'),user_agent('Mozilla/5.0 (Macintosh; Intel Mac OS X 10_11_4) AppleWebKit/537.36 (KHTML, like Gecko) Chrome/50.0.2661.94 Safari/537.36')]).
This works just like format Yeehaa
completed(32, 0.010685999999999998, 4768, 200, ok).
/*Sat May 14 20:38:33 2016*/ request(33, 1463272713.321, [peer(ip(127,0,0,1)),method(get),request_uri('/f/styles/style.css'),path('/f/styles/style.css'),http_version(1-1),host(localhost),port(8000),connection('keep-alive'),cache_control('max-age=0'),if_modified_since('Sun, 15 May 2016 00:38:20 GMT'),user_agent('Mozilla/5.0 (Macintosh; Intel Mac OS X 10_11_4) AppleWebKit/537.36 (KHTML, like Gecko) Chrome/50.0.2661.94 Safari/537.36'),referer('http://localhost:8000/')]).
/*Sat May 14 20:38:33 2016*/ request(34, 1463272713.321, [peer(ip(127,0,0,1)),method(get),request_uri('/f/js/basic.js'),path('/f/js/basic.js'),http_version(1-1),host(localhost),port(8000),connection('keep-alive'),cache_control('max-age=0'),if_modified_since('Mon, 01 Feb 2016 06:23:35 GMT'),user_agent('Mozilla/5.0 (Macintosh; Intel Mac OS X 10_11_4) AppleWebKit/537.36 (KHTML, like Gecko) Chrome/50.0.2661.94 Safari/537.36'),referer('http://localhost:8000/')]).
completed(34, 0.0006439999999999987, 0, 304, not_modified).
completed(33, 0.0008750000000000008, 2487, 200, file(/(text,css),'/Users/sf/Dropbox/Programming/shonfeder_net/assets/styles/style.css')).
/*Sat May 14 20:38:33 2016*/ request(35, 1463272713.325, [peer(ip(127,0,0,1)),method(get),request_uri('/f/media/indescriptum-logo.png'),path('/f/media/indescriptum-logo.png'),http_version(1-1),host(localhost),port(8000),connection('keep-alive'),cache_control('max-age=0'),if_modified_since('Tue, 15 Dec 2015 06:30:33 GMT'),user_agent('Mozilla/5.0 (Macintosh; Intel Mac OS X 10_11_4) AppleWebKit/537.36 (KHTML, like Gecko) Chrome/50.0.2661.94 Safari/537.36'),referer('http://localhost:8000/')]).
completed(35, 0.0005039999999999975, 0, 304, not_modified).
/*Sat May 14 20:38:33 2016*/ request(36, 1463272713.329, [peer(ip(127,0,0,1)),method(get),request_uri('/f/media/twitter-logo.png'),path('/f/media/twitter-logo.png'),http_version(1-1),host(localhost),port(8000),connection('keep-alive'),cache_control('max-age=0'),if_modified_since('Sun, 31 Jan 2016 22:37:11 GMT'),user_agent('Mozilla/5.0 (Macintosh; Intel Mac OS X 10_11_4) AppleWebKit/537.36 (KHTML, like Gecko) Chrome/50.0.2661.94 Safari/537.36'),referer('http://localhost:8000/')]).
completed(36, 0.0008780000000000038, 0, 304, not_modified).
/*Sat May 14 20:38:33 2016*/ request(37, 1463272713.424, [peer(ip(127,0,0,1)),method(get),request_uri('/f/media/gitHub-logo.png'),path('/f/media/gitHub-logo.png'),http_version(1-1),host(localhost),port(8000),connection('keep-alive'),cache_control('max-age=0'),if_modified_since('Sun, 31 Jan 2016 22:15:37 GMT'),user_agent('Mozilla/5.0 (Macintosh; Intel Mac OS X 10_11_4) AppleWebKit/537.36 (KHTML, like Gecko) Chrome/50.0.2661.94 Safari/537.36'),referer('http://localhost:8000/')]).
completed(37, 0.0005150000000000016, 0, 304, not_modified).
/*Sat May 14 20:38:33 2016*/ request(38, 1463272713.427, [peer(ip(127,0,0,1)),method(get),request_uri('/f/media/stackoverflow-logo.png'),path('/f/media/stackoverflow-logo.png'),http_version(1-1),host(localhost),port(8000),connection('keep-alive'),cache_control('max-age=0'),if_modified_since('Sun, 31 Jan 2016 23:59:00 GMT'),user_agent('Mozilla/5.0 (Macintosh; Intel Mac OS X 10_11_4) AppleWebKit/537.36 (KHTML, like Gecko) Chrome/50.0.2661.94 Safari/537.36'),referer('http://localhost:8000/')]).
completed(38, 0.0005260000000000056, 0, 304, not_modified).
/*Sat May 14 20:38:33 2016*/ request(39, 1463272713.431, [peer(ip(127,0,0,1)),method(get),request_uri('/f/media/reddit-logo.png'),path('/f/media/reddit-logo.png'),http_version(1-1),host(localhost),port(8000),connection('keep-alive'),cache_control('max-age=0'),if_modified_since('Mon, 01 Feb 2016 00:21:43 GMT'),user_agent('Mozilla/5.0 (Macintosh; Intel Mac OS X 10_11_4) AppleWebKit/537.36 (KHTML, like Gecko) Chrome/50.0.2661.94 Safari/537.36'),referer('http://localhost:8000/')]).
completed(39, 0.0007300000000000015, 0, 304, not_modified).
/*Sat May 14 20:38:33 2016*/ request(40, 1463272713.437, [peer(ip(127,0,0,1)),method(get),request_uri('/f/media/linkedin-logo.png'),path('/f/media/linkedin-logo.png'),http_version(1-1),host(localhost),port(8000),connection('keep-alive'),cache_control('max-age=0'),if_modified_since('Mon, 01 Feb 2016 01:19:16 GMT'),user_agent('Mozilla/5.0 (Macintosh; Intel Mac OS X 10_11_4) AppleWebKit/537.36 (KHTML, like Gecko) Chrome/50.0.2661.94 Safari/537.36'),referer('http://localhost:8000/')]).
completed(40, 0.0005859999999999997, 0, 304, not_modified).
/*Sat May 14 20:38:33 2016*/ request(41, 1463272713.440, [peer(ip(127,0,0,1)),method(get),request_uri('/f/media/email-logo.png'),path('/f/media/email-logo.png'),http_version(1-1),host(localhost),port(8000),connection('keep-alive'),cache_control('max-age=0'),if_modified_since('Tue, 02 Feb 2016 01:30:35 GMT'),user_agent('Mozilla/5.0 (Macintosh; Intel Mac OS X 10_11_4) AppleWebKit/537.36 (KHTML, like Gecko) Chrome/50.0.2661.94 Safari/537.36'),referer('http://localhost:8000/')]).
completed(41, 0.0004730000000000012, 0, 304, not_modified).
/*Sat May 14 20:42:04 2016*/ request(42, 1463272924.255, [peer(ip(127,0,0,1)),method(get),request_uri(/),path(/),http_version(1-1),host(localhost),port(8000),connection('keep-alive'),cache_control('max-age=0'),upgrade_insecure_requests('1'),user_agent('Mozilla/5.0 (Macintosh; Intel Mac OS X 10_11_4) AppleWebKit/537.36 (KHTML, like Gecko) Chrome/50.0.2661.94 Safari/537.36')]).
This works just like format Yeehaa
completed(42, 0.009608000000000005, 4768, 200, ok).
/*Sat May 14 20:42:04 2016*/ request(43, 1463272924.393, [peer(ip(127,0,0,1)),method(get),request_uri('/f/styles/style.css'),path('/f/styles/style.css'),http_version(1-1),host(localhost),port(8000),connection('keep-alive'),cache_control('max-age=0'),if_modified_since('Sun, 15 May 2016 00:38:28 GMT'),user_agent('Mozilla/5.0 (Macintosh; Intel Mac OS X 10_11_4) AppleWebKit/537.36 (KHTML, like Gecko) Chrome/50.0.2661.94 Safari/537.36'),referer('http://localhost:8000/')]).
/*Sat May 14 20:42:04 2016*/ request(44, 1463272924.394, [peer(ip(127,0,0,1)),method(get),request_uri('/f/js/basic.js'),path('/f/js/basic.js'),http_version(1-1),host(localhost),port(8000),connection('keep-alive'),cache_control('max-age=0'),if_modified_since('Mon, 01 Feb 2016 06:23:35 GMT'),user_agent('Mozilla/5.0 (Macintosh; Intel Mac OS X 10_11_4) AppleWebKit/537.36 (KHTML, like Gecko) Chrome/50.0.2661.94 Safari/537.36'),referer('http://localhost:8000/')]).
completed(43, 0.0008479999999999981, 0, 304, not_modified).
completed(44, 0.0007210000000000064, 0, 304, not_modified).
/*Sat May 14 20:42:04 2016*/ request(45, 1463272924.397, [peer(ip(127,0,0,1)),method(get),request_uri('/f/media/indescriptum-logo.png'),path('/f/media/indescriptum-logo.png'),http_version(1-1),host(localhost),port(8000),connection('keep-alive'),cache_control('max-age=0'),if_modified_since('Tue, 15 Dec 2015 06:30:33 GMT'),user_agent('Mozilla/5.0 (Macintosh; Intel Mac OS X 10_11_4) AppleWebKit/537.36 (KHTML, like Gecko) Chrome/50.0.2661.94 Safari/537.36'),referer('http://localhost:8000/')]).
completed(45, 0.0005099999999999966, 0, 304, not_modified).
/*Sat May 14 20:42:04 2016*/ request(46, 1463272924.402, [peer(ip(127,0,0,1)),method(get),request_uri('/f/media/twitter-logo.png'),path('/f/media/twitter-logo.png'),http_version(1-1),host(localhost),port(8000),connection('keep-alive'),cache_control('max-age=0'),if_modified_since('Sun, 31 Jan 2016 22:37:11 GMT'),user_agent('Mozilla/5.0 (Macintosh; Intel Mac OS X 10_11_4) AppleWebKit/537.36 (KHTML, like Gecko) Chrome/50.0.2661.94 Safari/537.36'),referer('http://localhost:8000/')]).
completed(46, 0.0004949999999999954, 0, 304, not_modified).
/*Sat May 14 20:42:04 2016*/ request(47, 1463272924.410, [peer(ip(127,0,0,1)),method(get),request_uri('/f/media/gitHub-logo.png'),path('/f/media/gitHub-logo.png'),http_version(1-1),host(localhost),port(8000),connection('keep-alive'),cache_control('max-age=0'),if_modified_since('Sun, 31 Jan 2016 22:15:37 GMT'),user_agent('Mozilla/5.0 (Macintosh; Intel Mac OS X 10_11_4) AppleWebKit/537.36 (KHTML, like Gecko) Chrome/50.0.2661.94 Safari/537.36'),referer('http://localhost:8000/')]).
completed(47, 0.0007710000000000009, 0, 304, not_modified).
/*Sat May 14 20:42:04 2016*/ request(48, 1463272924.938, [peer(ip(127,0,0,1)),method(get),request_uri('/f/media/stackoverflow-logo.png'),path('/f/media/stackoverflow-logo.png'),http_version(1-1),host(localhost),port(8000),connection('keep-alive'),cache_control('max-age=0'),if_modified_since('Sun, 31 Jan 2016 23:59:00 GMT'),user_agent('Mozilla/5.0 (Macintosh; Intel Mac OS X 10_11_4) AppleWebKit/537.36 (KHTML, like Gecko) Chrome/50.0.2661.94 Safari/537.36'),referer('http://localhost:8000/')]).
completed(48, 0.0007069999999999993, 0, 304, not_modified).
/*Sat May 14 20:42:04 2016*/ request(49, 1463272924.942, [peer(ip(127,0,0,1)),method(get),request_uri('/f/media/reddit-logo.png'),path('/f/media/reddit-logo.png'),http_version(1-1),host(localhost),port(8000),connection('keep-alive'),cache_control('max-age=0'),if_modified_since('Mon, 01 Feb 2016 00:21:43 GMT'),user_agent('Mozilla/5.0 (Macintosh; Intel Mac OS X 10_11_4) AppleWebKit/537.36 (KHTML, like Gecko) Chrome/50.0.2661.94 Safari/537.36'),referer('http://localhost:8000/')]).
completed(49, 0.0005739999999999981, 0, 304, not_modified).
/*Sat May 14 20:42:04 2016*/ request(50, 1463272924.946, [peer(ip(127,0,0,1)),method(get),request_uri('/f/media/linkedin-logo.png'),path('/f/media/linkedin-logo.png'),http_version(1-1),host(localhost),port(8000),connection('keep-alive'),cache_control('max-age=0'),if_modified_since('Mon, 01 Feb 2016 01:19:16 GMT'),user_agent('Mozilla/5.0 (Macintosh; Intel Mac OS X 10_11_4) AppleWebKit/537.36 (KHTML, like Gecko) Chrome/50.0.2661.94 Safari/537.36'),referer('http://localhost:8000/')]).
completed(50, 0.0005119999999999986, 0, 304, not_modified).
/*Sat May 14 20:42:04 2016*/ request(51, 1463272924.949, [peer(ip(127,0,0,1)),method(get),request_uri('/f/media/email-logo.png'),path('/f/media/email-logo.png'),http_version(1-1),host(localhost),port(8000),connection('keep-alive'),cache_control('max-age=0'),if_modified_since('Tue, 02 Feb 2016 01:30:35 GMT'),user_agent('Mozilla/5.0 (Macintosh; Intel Mac OS X 10_11_4) AppleWebKit/537.36 (KHTML, like Gecko) Chrome/50.0.2661.94 Safari/537.36'),referer('http://localhost:8000/')]).
completed(51, 0.0005080000000000015, 0, 304, not_modified).
server(stopped, 1463275539).
server(started, 1463286606).
/*Sun May 15 00:30:06 2016*/ request(1, 1463286606.230, [peer(ip(127,0,0,1)),method(get),request_uri(/),path(/),http_version(1-1),host(localhost),port(8000),connection('keep-alive'),cache_control('max-age=0'),upgrade_insecure_requests('1'),user_agent('Mozilla/5.0 (Macintosh; Intel Mac OS X 10_11_4) AppleWebKit/537.36 (KHTML, like Gecko) Chrome/50.0.2661.94 Safari/537.36')]).
This works just like format Yeehaa
completed(1, 0.013684, 5849, 200, ok).
/*Sun May 15 00:30:06 2016*/ request(2, 1463286606.365, [peer(ip(127,0,0,1)),method(get),request_uri('/f/styles/style.css'),path('/f/styles/style.css'),http_version(1-1),host(localhost),port(8000),connection('keep-alive'),cache_control('max-age=0'),user_agent('Mozilla/5.0 (Macintosh; Intel Mac OS X 10_11_4) AppleWebKit/537.36 (KHTML, like Gecko) Chrome/50.0.2661.94 Safari/537.36'),referer('http://localhost:8000/'),if_modified_since('Sun, 15 May 2016 03:13:19 GMT')]).
completed(2, 0.001168, 2266, 200, file(/(text,css),'/Users/sf/Programming/shonfeder_net/assets/styles/style.css')).
/*Sun May 15 00:30:06 2016*/ request(3, 1463286606.367, [peer(ip(127,0,0,1)),method(get),request_uri('/f/js/basic.js'),path('/f/js/basic.js'),http_version(1-1),host(localhost),port(8000),connection('keep-alive'),cache_control('max-age=0'),user_agent('Mozilla/5.0 (Macintosh; Intel Mac OS X 10_11_4) AppleWebKit/537.36 (KHTML, like Gecko) Chrome/50.0.2661.94 Safari/537.36'),referer('http://localhost:8000/'),if_modified_since('Mon, 01 Feb 2016 06:23:35 GMT')]).
completed(3, 0.0008469999999999988, 0, 304, not_modified).
/*Sun May 15 00:30:06 2016*/ request(4, 1463286606.373, [peer(ip(127,0,0,1)),method(get),request_uri('/f/media/indescriptum-logo.png'),path('/f/media/indescriptum-logo.png'),http_version(1-1),host(localhost),port(8000),connection('keep-alive'),cache_control('max-age=0'),user_agent('Mozilla/5.0 (Macintosh; Intel Mac OS X 10_11_4) AppleWebKit/537.36 (KHTML, like Gecko) Chrome/50.0.2661.94 Safari/537.36'),referer('http://localhost:8000/'),if_modified_since('Tue, 15 Dec 2015 06:30:33 GMT')]).
completed(4, 0.0009580000000000005, 0, 304, not_modified).
/*Sun May 15 00:30:06 2016*/ request(5, 1463286606.518, [peer(ip(127,0,0,1)),method(get),request_uri('/f/media/twitter-logo.png'),path('/f/media/twitter-logo.png'),http_version(1-1),host(localhost),port(8000),connection('keep-alive'),cache_control('max-age=0'),user_agent('Mozilla/5.0 (Macintosh; Intel Mac OS X 10_11_4) AppleWebKit/537.36 (KHTML, like Gecko) Chrome/50.0.2661.94 Safari/537.36'),referer('http://localhost:8000/'),if_modified_since('Sun, 31 Jan 2016 22:37:11 GMT')]).
completed(5, 0.0005310000000000002, 0, 304, not_modified).
/*Sun May 15 00:30:06 2016*/ request(6, 1463286606.523, [peer(ip(127,0,0,1)),method(get),request_uri('/f/media/gitHub-logo.png'),path('/f/media/gitHub-logo.png'),http_version(1-1),host(localhost),port(8000),connection('keep-alive'),cache_control('max-age=0'),user_agent('Mozilla/5.0 (Macintosh; Intel Mac OS X 10_11_4) AppleWebKit/537.36 (KHTML, like Gecko) Chrome/50.0.2661.94 Safari/537.36'),referer('http://localhost:8000/'),if_modified_since('Sun, 31 Jan 2016 22:15:37 GMT')]).
completed(6, 0.000971, 0, 304, not_modified).
/*Sun May 15 00:30:06 2016*/ request(7, 1463286606.529, [peer(ip(127,0,0,1)),method(get),request_uri('/f/media/stackoverflow-logo.png'),path('/f/media/stackoverflow-logo.png'),http_version(1-1),host(localhost),port(8000),connection('keep-alive'),cache_control('max-age=0'),user_agent('Mozilla/5.0 (Macintosh; Intel Mac OS X 10_11_4) AppleWebKit/537.36 (KHTML, like Gecko) Chrome/50.0.2661.94 Safari/537.36'),referer('http://localhost:8000/'),if_modified_since('Sun, 31 Jan 2016 23:59:00 GMT')]).
completed(7, 0.0004960000000000001, 0, 304, not_modified).
/*Sun May 15 00:30:06 2016*/ request(8, 1463286606.535, [peer(ip(127,0,0,1)),method(get),request_uri('/f/media/reddit-logo.png'),path('/f/media/reddit-logo.png'),http_version(1-1),host(localhost),port(8000),connection('keep-alive'),cache_control('max-age=0'),user_agent('Mozilla/5.0 (Macintosh; Intel Mac OS X 10_11_4) AppleWebKit/537.36 (KHTML, like Gecko) Chrome/50.0.2661.94 Safari/537.36'),referer('http://localhost:8000/'),if_modified_since('Mon, 01 Feb 2016 00:21:43 GMT')]).
completed(8, 0.0007760000000000001, 0, 304, not_modified).
/*Sun May 15 00:30:06 2016*/ request(9, 1463286606.540, [peer(ip(127,0,0,1)),method(get),request_uri('/f/media/linkedin-logo.png'),path('/f/media/linkedin-logo.png'),http_version(1-1),host(localhost),port(8000),connection('keep-alive'),cache_control('max-age=0'),user_agent('Mozilla/5.0 (Macintosh; Intel Mac OS X 10_11_4) AppleWebKit/537.36 (KHTML, like Gecko) Chrome/50.0.2661.94 Safari/537.36'),referer('http://localhost:8000/'),if_modified_since('Mon, 01 Feb 2016 01:19:16 GMT')]).
completed(9, 0.0004939999999999979, 0, 304, not_modified).
/*Sun May 15 00:30:06 2016*/ request(10, 1463286606.544, [peer(ip(127,0,0,1)),method(get),request_uri('/f/media/email-logo.png'),path('/f/media/email-logo.png'),http_version(1-1),host(localhost),port(8000),connection('keep-alive'),cache_control('max-age=0'),user_agent('Mozilla/5.0 (Macintosh; Intel Mac OS X 10_11_4) AppleWebKit/537.36 (KHTML, like Gecko) Chrome/50.0.2661.94 Safari/537.36'),referer('http://localhost:8000/'),if_modified_since('Tue, 02 Feb 2016 01:30:35 GMT')]).
completed(10, 0.000585, 0, 304, not_modified).
/*Sun May 15 00:33:22 2016*/ request(11, 1463286802.912, [peer(ip(127,0,0,1)),method(get),request_uri(/),path(/),http_version(1-1),host(localhost),port(8000),connection('keep-alive'),cache_control('max-age=0'),upgrade_insecure_requests('1'),user_agent('Mozilla/5.0 (Macintosh; Intel Mac OS X 10_11_4) AppleWebKit/537.36 (KHTML, like Gecko) Chrome/50.0.2661.94 Safari/537.36')]).
This works just like format Yeehaa
completed(11, 0.012572, 5849, 200, ok).
/*Sun May 15 00:33:23 2016*/ request(12, 1463286803.057, [peer(ip(127,0,0,1)),method(get),request_uri('/f/styles/style.css'),path('/f/styles/style.css'),http_version(1-1),host(localhost),port(8000),connection('keep-alive'),cache_control('max-age=0'),user_agent('Mozilla/5.0 (Macintosh; Intel Mac OS X 10_11_4) AppleWebKit/537.36 (KHTML, like Gecko) Chrome/50.0.2661.94 Safari/537.36'),referer('http://localhost:8000/'),if_modified_since('Sun, 15 May 2016 03:13:49 GMT')]).
completed(12, 0.0008189999999999994, 0, 304, not_modified).
/*Sun May 15 00:33:23 2016*/ request(13, 1463286803.062, [peer(ip(127,0,0,1)),method(get),request_uri('/f/js/basic.js'),path('/f/js/basic.js'),http_version(1-1),host(localhost),port(8000),connection('keep-alive'),cache_control('max-age=0'),user_agent('Mozilla/5.0 (Macintosh; Intel Mac OS X 10_11_4) AppleWebKit/537.36 (KHTML, like Gecko) Chrome/50.0.2661.94 Safari/537.36'),referer('http://localhost:8000/'),if_modified_since('Mon, 01 Feb 2016 06:23:35 GMT')]).
completed(13, 0.0005809999999999999, 0, 304, not_modified).
/*Sun May 15 00:33:23 2016*/ request(14, 1463286803.065, [peer(ip(127,0,0,1)),method(get),request_uri('/f/media/indescriptum-logo.png'),path('/f/media/indescriptum-logo.png'),http_version(1-1),host(localhost),port(8000),connection('keep-alive'),cache_control('max-age=0'),if_modified_since('Tue, 15 Dec 2015 06:30:33 GMT'),user_agent('Mozilla/5.0 (Macintosh; Intel Mac OS X 10_11_4) AppleWebKit/537.36 (KHTML, like Gecko) Chrome/50.0.2661.94 Safari/537.36'),referer('http://localhost:8000/')]).
completed(14, 0.0008620000000000017, 0, 304, not_modified).
/*Sun May 15 00:33:23 2016*/ request(15, 1463286803.177, [peer(ip(127,0,0,1)),method(get),request_uri('/f/media/twitter-logo.png'),path('/f/media/twitter-logo.png'),http_version(1-1),host(localhost),port(8000),connection('keep-alive'),cache_control('max-age=0'),if_modified_since('Sun, 31 Jan 2016 22:37:11 GMT'),user_agent('Mozilla/5.0 (Macintosh; Intel Mac OS X 10_11_4) AppleWebKit/537.36 (KHTML, like Gecko) Chrome/50.0.2661.94 Safari/537.36'),referer('http://localhost:8000/')]).
completed(15, 0.0007300000000000015, 0, 304, not_modified).
/*Sun May 15 00:33:23 2016*/ request(16, 1463286803.182, [peer(ip(127,0,0,1)),method(get),request_uri('/f/media/github-logo.png'),path('/f/media/github-logo.png'),http_version(1-1),host(localhost),port(8000),connection('keep-alive'),cache_control('max-age=0'),user_agent('Mozilla/5.0 (Macintosh; Intel Mac OS X 10_11_4) AppleWebKit/537.36 (KHTML, like Gecko) Chrome/50.0.2661.94 Safari/537.36'),referer('http://localhost:8000/')]).
completed(16, 0.001601, 23086, 200, file(/(image,png),'/Users/sf/Programming/shonfeder_net/assets/media/github-logo.png')).
/*Sun May 15 00:33:23 2016*/ request(17, 1463286803.188, [peer(ip(127,0,0,1)),method(get),request_uri('/f/media/stackoverflow-logo.png'),path('/f/media/stackoverflow-logo.png'),http_version(1-1),host(localhost),port(8000),connection('keep-alive'),cache_control('max-age=0'),if_modified_since('Sun, 31 Jan 2016 23:59:00 GMT'),user_agent('Mozilla/5.0 (Macintosh; Intel Mac OS X 10_11_4) AppleWebKit/537.36 (KHTML, like Gecko) Chrome/50.0.2661.94 Safari/537.36'),referer('http://localhost:8000/')]).
completed(17, 0.0006509999999999997, 0, 304, not_modified).
/*Sun May 15 00:33:23 2016*/ request(18, 1463286803.194, [peer(ip(127,0,0,1)),method(get),request_uri('/f/media/reddit-logo.png'),path('/f/media/reddit-logo.png'),http_version(1-1),host(localhost),port(8000),connection('keep-alive'),cache_control('max-age=0'),if_modified_since('Mon, 01 Feb 2016 00:21:43 GMT'),user_agent('Mozilla/5.0 (Macintosh; Intel Mac OS X 10_11_4) AppleWebKit/537.36 (KHTML, like Gecko) Chrome/50.0.2661.94 Safari/537.36'),referer('http://localhost:8000/')]).
completed(18, 0.0007620000000000005, 0, 304, not_modified).
/*Sun May 15 00:33:23 2016*/ request(19, 1463286803.203, [peer(ip(127,0,0,1)),method(get),request_uri('/f/media/linkedin-logo.png'),path('/f/media/linkedin-logo.png'),http_version(1-1),host(localhost),port(8000),connection('keep-alive'),cache_control('max-age=0'),if_modified_since('Mon, 01 Feb 2016 01:19:16 GMT'),user_agent('Mozilla/5.0 (Macintosh; Intel Mac OS X 10_11_4) AppleWebKit/537.36 (KHTML, like Gecko) Chrome/50.0.2661.94 Safari/537.36'),referer('http://localhost:8000/')]).
completed(19, 0.000507999999999998, 0, 304, not_modified).
/*Sun May 15 00:33:23 2016*/ request(20, 1463286803.207, [peer(ip(127,0,0,1)),method(get),request_uri('/f/media/email-logo.png'),path('/f/media/email-logo.png'),http_version(1-1),host(localhost),port(8000),connection('keep-alive'),cache_control('max-age=0'),if_modified_since('Tue, 02 Feb 2016 01:30:35 GMT'),user_agent('Mozilla/5.0 (Macintosh; Intel Mac OS X 10_11_4) AppleWebKit/537.36 (KHTML, like Gecko) Chrome/50.0.2661.94 Safari/537.36'),referer('http://localhost:8000/')]).
completed(20, 0.0005280000000000007, 0, 304, not_modified).
/*Sun May 15 00:33:27 2016*/ request(21, 1463286807.453, [peer(ip(127,0,0,1)),method(get),request_uri(/),path(/),http_version(1-1),host(localhost),port(8000),connection('keep-alive'),cache_control('max-age=0'),upgrade_insecure_requests('1'),user_agent('Mozilla/5.0 (Macintosh; Intel Mac OS X 10_11_4) AppleWebKit/537.36 (KHTML, like Gecko) Chrome/50.0.2661.94 Safari/537.36')]).
This works just like format Yeehaa
completed(21, 0.012308, 5849, 200, ok).
/*Sun May 15 00:33:27 2016*/ request(22, 1463286807.524, [peer(ip(127,0,0,1)),method(get),request_uri('/f/styles/style.css'),path('/f/styles/style.css'),http_version(1-1),host(localhost),port(8000),connection('keep-alive'),cache_control('max-age=0'),if_modified_since('Sun, 15 May 2016 03:13:49 GMT'),user_agent('Mozilla/5.0 (Macintosh; Intel Mac OS X 10_11_4) AppleWebKit/537.36 (KHTML, like Gecko) Chrome/50.0.2661.94 Safari/537.36'),referer('http://localhost:8000/')]).
completed(22, 0.0007150000000000004, 0, 304, not_modified).
/*Sun May 15 00:33:27 2016*/ request(23, 1463286807.529, [peer(ip(127,0,0,1)),method(get),request_uri('/f/js/basic.js'),path('/f/js/basic.js'),http_version(1-1),host(localhost),port(8000),connection('keep-alive'),cache_control('max-age=0'),if_modified_since('Mon, 01 Feb 2016 06:23:35 GMT'),user_agent('Mozilla/5.0 (Macintosh; Intel Mac OS X 10_11_4) AppleWebKit/537.36 (KHTML, like Gecko) Chrome/50.0.2661.94 Safari/537.36'),referer('http://localhost:8000/')]).
completed(23, 0.0007980000000000001, 0, 304, not_modified).
/*Sun May 15 00:33:27 2016*/ request(24, 1463286807.536, [peer(ip(127,0,0,1)),method(get),request_uri('/f/media/indescriptum-logo.png'),path('/f/media/indescriptum-logo.png'),http_version(1-1),host(localhost),port(8000),connection('keep-alive'),cache_control('max-age=0'),if_modified_since('Tue, 15 Dec 2015 06:30:33 GMT'),user_agent('Mozilla/5.0 (Macintosh; Intel Mac OS X 10_11_4) AppleWebKit/537.36 (KHTML, like Gecko) Chrome/50.0.2661.94 Safari/537.36'),referer('http://localhost:8000/')]).
completed(24, 0.000784, 0, 304, not_modified).
/*Sun May 15 00:33:27 2016*/ request(25, 1463286807.635, [peer(ip(127,0,0,1)),method(get),request_uri('/f/media/twitter-logo.png'),path('/f/media/twitter-logo.png'),http_version(1-1),host(localhost),port(8000),connection('keep-alive'),cache_control('max-age=0'),if_modified_since('Sun, 31 Jan 2016 22:37:11 GMT'),user_agent('Mozilla/5.0 (Macintosh; Intel Mac OS X 10_11_4) AppleWebKit/537.36 (KHTML, like Gecko) Chrome/50.0.2661.94 Safari/537.36'),referer('http://localhost:8000/')]).
completed(25, 0.0006440000000000005, 0, 304, not_modified).
/*Sun May 15 00:33:27 2016*/ request(26, 1463286807.641, [peer(ip(127,0,0,1)),method(get),request_uri('/f/media/github-logo.png'),path('/f/media/github-logo.png'),http_version(1-1),host(localhost),port(8000),connection('keep-alive'),cache_control('max-age=0'),if_modified_since('Sun, 31 Jan 2016 22:15:37 GMT'),user_agent('Mozilla/5.0 (Macintosh; Intel Mac OS X 10_11_4) AppleWebKit/537.36 (KHTML, like Gecko) Chrome/50.0.2661.94 Safari/537.36'),referer('http://localhost:8000/')]).
completed(26, 0.000730999999999999, 0, 304, not_modified).
/*Sun May 15 00:33:27 2016*/ request(27, 1463286807.645, [peer(ip(127,0,0,1)),method(get),request_uri('/f/media/stackoverflow-logo.png'),path('/f/media/stackoverflow-logo.png'),http_version(1-1),host(localhost),port(8000),connection('keep-alive'),cache_control('max-age=0'),if_modified_since('Sun, 31 Jan 2016 23:59:00 GMT'),user_agent('Mozilla/5.0 (Macintosh; Intel Mac OS X 10_11_4) AppleWebKit/537.36 (KHTML, like Gecko) Chrome/50.0.2661.94 Safari/537.36'),referer('http://localhost:8000/')]).
completed(27, 0.00051, 0, 304, not_modified).
/*Sun May 15 00:33:27 2016*/ request(28, 1463286807.649, [peer(ip(127,0,0,1)),method(get),request_uri('/f/media/reddit-logo.png'),path('/f/media/reddit-logo.png'),http_version(1-1),host(localhost),port(8000),connection('keep-alive'),cache_control('max-age=0'),if_modified_since('Mon, 01 Feb 2016 00:21:43 GMT'),user_agent('Mozilla/5.0 (Macintosh; Intel Mac OS X 10_11_4) AppleWebKit/537.36 (KHTML, like Gecko) Chrome/50.0.2661.94 Safari/537.36'),referer('http://localhost:8000/')]).
completed(28, 0.0004880000000000023, 0, 304, not_modified).
/*Sun May 15 00:33:27 2016*/ request(29, 1463286807.653, [peer(ip(127,0,0,1)),method(get),request_uri('/f/media/email-logo.png'),path('/f/media/email-logo.png'),http_version(1-1),host(localhost),port(8000),connection('keep-alive'),cache_control('max-age=0'),if_modified_since('Tue, 02 Feb 2016 01:30:35 GMT'),user_agent('Mozilla/5.0 (Macintosh; Intel Mac OS X 10_11_4) AppleWebKit/537.36 (KHTML, like Gecko) Chrome/50.0.2661.94 Safari/537.36'),referer('http://localhost:8000/')]).
/*Sun May 15 00:33:27 2016*/ request(30, 1463286807.653, [peer(ip(127,0,0,1)),method(get),request_uri('/f/media/linkedin-logo.png'),path('/f/media/linkedin-logo.png'),http_version(1-1),host(localhost),port(8000),connection('keep-alive'),cache_control('max-age=0'),if_modified_since('Mon, 01 Feb 2016 01:19:16 GMT'),user_agent('Mozilla/5.0 (Macintosh; Intel Mac OS X 10_11_4) AppleWebKit/537.36 (KHTML, like Gecko) Chrome/50.0.2661.94 Safari/537.36'),referer('http://localhost:8000/')]).
completed(30, 0.0007600000000000003, 0, 304, not_modified).
completed(29, 0.0008239999999999983, 0, 304, not_modified).
server(stopped, 1463286846).
